<?xml version="1.0" encoding="UTF-8"?>
<!-- Generated by org.testng.reporters.JUnitXMLReporter -->
<testsuite ignored="0" hostname="BMANCHADA-IND" failures="0" tests="2" name="ErrorValidations" time="29.599" errors="0" timestamp="2023-12-31T20:00:10 IST">
  <testcase classname="SeleniumPractice.SeleniumFrameworkDesign.ErrorValidations" name="LoginErrorValidation" time="0.466"/>
  <testcase classname="SeleniumPractice.SeleniumFrameworkDesign.ErrorValidations" name="ProductErrorValidation" time="24.037"/>
</testsuite> <!-- ErrorValidations -->
