<?xml version="1.0" encoding="UTF-8"?>
<!-- Generated by org.testng.reporters.JUnitXMLReporter -->
<testsuite ignored="0" hostname="BMANCHADA-IND" failures="0" tests="2" name="ErrorValidations" time="41.976" errors="0" timestamp="2024-01-10T09:01:17 IST">
  <testcase classname="SeleniumPractice.SeleniumFrameworkDesign.ErrorValidations" name="LoginErrorValidation" time="1.209"/>
  <testcase classname="SeleniumPractice.SeleniumFrameworkDesign.ErrorValidations" name="ProductErrorValidation" time="23.738"/>
</testsuite> <!-- ErrorValidations -->
