<?xml version="1.0" encoding="UTF-8"?>
<!-- Generated by org.testng.reporters.JUnitXMLReporter -->
<testsuite ignored="0" hostname="BMANCHADA-IND" failures="1" tests="4" name="Submit Order Test" time="50.323" errors="0" timestamp="2024-01-10T09:01:25 IST">
  <testcase classname="SeleniumPractice.SeleniumFrameworkDesign.StandAloneTest2" name="submitOrder" time="15.495"/>
  <testcase classname="SeleniumPractice.SeleniumFrameworkDesign.StandAloneTest2" name="submitOrder" time="15.499"/>
  <testcase classname="SeleniumPractice.SeleniumFrameworkDesign.StandAloneTest2" name="OrderHistoryTest" time="0.001">
    <skipped/>
  </testcase> <!-- OrderHistoryTest -->
  <testcase classname="SeleniumPractice.SeleniumFrameworkDesign.StandAloneTest2" name="OrderHistoryTest" time="0.001">
    <failure type="java.lang.Error" message="Unresolved compilation problem: 
	productName cannot be resolved to a variable
">
      <![CDATA[java.lang.Error: Unresolved compilation problem: 
productName cannot be resolved to a variable

at SeleniumPractice.SeleniumFrameworkDesign.StandAloneTest2.OrderHistoryTest(StandAloneTest2.java:60)
at java.base/java.util.ArrayList.forEach(ArrayList.java:1511)
at java.base/java.util.concurrent.FutureTask.run(FutureTask.java:264)
at java.base/java.util.concurrent.ThreadPoolExecutor.runWorker(ThreadPoolExecutor.java:1136)
at java.base/java.util.concurrent.ThreadPoolExecutor$Worker.run(ThreadPoolExecutor.java:635)
at java.base/java.lang.Thread.run(Thread.java:833)
... Removed 17 stack frames]]>
    </failure>
  </testcase> <!-- OrderHistoryTest -->
</testsuite> <!-- Submit Order Test -->
