<?xml version="1.0" encoding="UTF-8"?>
<testng-results retried="1" ignored="1" total="7" passed="4" failed="1" skipped="0">
  <reporter-output>
  </reporter-output>
  <suite started-at="2024-01-10T09:00:35 IST" name="Suite" finished-at="2024-01-10T09:01:25 IST" duration-ms="50323">
    <groups>
      <group name="ErrorHandling">
        <method signature="ErrorValidations.LoginErrorValidation()[pri:0, instance:SeleniumPractice.SeleniumFrameworkDesign.ErrorValidations@72c8e7b]" name="LoginErrorValidation" class="SeleniumPractice.SeleniumFrameworkDesign.ErrorValidations"/>
        <method signature="ErrorValidations.ProductErrorValidation()[pri:0, instance:SeleniumPractice.SeleniumFrameworkDesign.ErrorValidations@72c8e7b]" name="ProductErrorValidation" class="SeleniumPractice.SeleniumFrameworkDesign.ErrorValidations"/>
      </group> <!-- ErrorHandling -->
      <group name="Purchase">
        <method signature="StandAloneTest2.submitOrder(java.util.HashMap)[pri:0, instance:SeleniumPractice.SeleniumFrameworkDesign.StandAloneTest2@1caa0244]" name="submitOrder" class="SeleniumPractice.SeleniumFrameworkDesign.StandAloneTest2"/>
      </group> <!-- Purchase -->
    </groups>
    <test started-at="2024-01-10T09:00:35 IST" name="ErrorValidations" finished-at="2024-01-10T09:01:17 IST" duration-ms="41976">
      <class name="SeleniumPractice.SeleniumFrameworkDesign.ErrorValidations">
        <test-method is-config="true" signature="launchApplication()[pri:0, instance:SeleniumPractice.SeleniumFrameworkDesign.ErrorValidations@72c8e7b]" started-at="2024-01-10T09:00:35 IST" name="launchApplication" finished-at="2024-01-10T09:00:48 IST" duration-ms="12863" status="PASS">
          <reporter-output>
          </reporter-output>
        </test-method> <!-- launchApplication -->
        <test-method signature="LoginErrorValidation()[pri:0, instance:SeleniumPractice.SeleniumFrameworkDesign.ErrorValidations@72c8e7b]" started-at="2024-01-10T09:00:48 IST" name="LoginErrorValidation" finished-at="2024-01-10T09:00:49 IST" duration-ms="1209" status="PASS">
          <reporter-output>
          </reporter-output>
        </test-method> <!-- LoginErrorValidation -->
        <test-method is-config="true" signature="tearDown()[pri:0, instance:SeleniumPractice.SeleniumFrameworkDesign.ErrorValidations@72c8e7b]" started-at="2024-01-10T09:00:49 IST" name="tearDown" finished-at="2024-01-10T09:00:49 IST" duration-ms="478" status="PASS">
          <reporter-output>
          </reporter-output>
        </test-method> <!-- tearDown -->
        <test-method is-config="true" signature="launchApplication()[pri:0, instance:SeleniumPractice.SeleniumFrameworkDesign.ErrorValidations@72c8e7b]" started-at="2024-01-10T09:00:49 IST" name="launchApplication" finished-at="2024-01-10T09:00:52 IST" duration-ms="2568" status="PASS">
          <reporter-output>
          </reporter-output>
        </test-method> <!-- launchApplication -->
        <test-method signature="ProductErrorValidation()[pri:0, instance:SeleniumPractice.SeleniumFrameworkDesign.ErrorValidations@72c8e7b]" started-at="2024-01-10T09:00:52 IST" name="ProductErrorValidation" finished-at="2024-01-10T09:01:16 IST" duration-ms="23738" status="PASS">
          <reporter-output>
          </reporter-output>
        </test-method> <!-- ProductErrorValidation -->
        <test-method is-config="true" signature="tearDown()[pri:0, instance:SeleniumPractice.SeleniumFrameworkDesign.ErrorValidations@72c8e7b]" started-at="2024-01-10T09:01:16 IST" name="tearDown" finished-at="2024-01-10T09:01:17 IST" duration-ms="945" status="PASS">
          <reporter-output>
          </reporter-output>
        </test-method> <!-- tearDown -->
      </class> <!-- SeleniumPractice.SeleniumFrameworkDesign.ErrorValidations -->
    </test> <!-- ErrorValidations -->
    <test started-at="2024-01-10T09:00:35 IST" name="Submit Order Test" finished-at="2024-01-10T09:01:25 IST" duration-ms="50323">
      <class name="SeleniumPractice.SeleniumFrameworkDesign.StandAloneTest2">
        <test-method is-config="true" signature="launchApplication()[pri:0, instance:SeleniumPractice.SeleniumFrameworkDesign.StandAloneTest2@1caa0244]" started-at="2024-01-10T09:00:35 IST" name="launchApplication" finished-at="2024-01-10T09:00:48 IST" duration-ms="12479" status="PASS">
          <reporter-output>
          </reporter-output>
        </test-method> <!-- launchApplication -->
        <test-method signature="submitOrder(java.util.HashMap)[pri:0, instance:SeleniumPractice.SeleniumFrameworkDesign.StandAloneTest2@1caa0244]" started-at="2024-01-10T09:00:48 IST" name="submitOrder" data-provider="getData" finished-at="2024-01-10T09:01:03 IST" duration-ms="15495" status="PASS">
          <params>
            <param index="0">
              <value>
                <![CDATA[{password=Blossom@23, product=ZARA COAT 3, email=blossom.manchanda@gmail.com}]]>
              </value>
            </param>
          </params>
          <reporter-output>
          </reporter-output>
        </test-method> <!-- submitOrder -->
        <test-method is-config="true" signature="tearDown()[pri:0, instance:SeleniumPractice.SeleniumFrameworkDesign.StandAloneTest2@1caa0244]" started-at="2024-01-10T09:01:03 IST" name="tearDown" finished-at="2024-01-10T09:01:04 IST" duration-ms="688" status="PASS">
          <reporter-output>
          </reporter-output>
        </test-method> <!-- tearDown -->
        <test-method is-config="true" signature="launchApplication()[pri:0, instance:SeleniumPractice.SeleniumFrameworkDesign.StandAloneTest2@1caa0244]" started-at="2024-01-10T09:01:04 IST" name="launchApplication" finished-at="2024-01-10T09:01:06 IST" duration-ms="1867" status="PASS">
          <reporter-output>
          </reporter-output>
        </test-method> <!-- launchApplication -->
        <test-method signature="submitOrder(java.util.HashMap)[pri:0, instance:SeleniumPractice.SeleniumFrameworkDesign.StandAloneTest2@1caa0244]" started-at="2024-01-10T09:01:06 IST" name="submitOrder" data-provider="getData" finished-at="2024-01-10T09:01:21 IST" duration-ms="15499" status="PASS">
          <params>
            <param index="0">
              <value>
                <![CDATA[{password=Blossom@23, product=ADIDAS ORIGINAL, email=blossom.basrai@gmail.com}]]>
              </value>
            </param>
          </params>
          <reporter-output>
          </reporter-output>
        </test-method> <!-- submitOrder -->
        <test-method is-config="true" signature="tearDown()[pri:0, instance:SeleniumPractice.SeleniumFrameworkDesign.StandAloneTest2@1caa0244]" started-at="2024-01-10T09:01:21 IST" name="tearDown" finished-at="2024-01-10T09:01:21 IST" duration-ms="150" status="PASS">
          <reporter-output>
          </reporter-output>
        </test-method> <!-- tearDown -->
        <test-method is-config="true" signature="launchApplication()[pri:0, instance:SeleniumPractice.SeleniumFrameworkDesign.StandAloneTest2@1caa0244]" started-at="2024-01-10T09:01:21 IST" name="launchApplication" finished-at="2024-01-10T09:01:23 IST" duration-ms="1268" status="PASS">
          <reporter-output>
          </reporter-output>
        </test-method> <!-- launchApplication -->
        <test-method retried="true" signature="OrderHistoryTest()[pri:0, instance:SeleniumPractice.SeleniumFrameworkDesign.StandAloneTest2@1caa0244]" started-at="2024-01-10T09:01:23 IST" name="OrderHistoryTest" finished-at="2024-01-10T09:01:23 IST" depends-on-methods="SeleniumPractice.SeleniumFrameworkDesign.StandAloneTest2.submitOrder" duration-ms="1" status="SKIP">
          <exception class="java.lang.Error">
            <message>
              <![CDATA[Unresolved compilation problem: 
productName cannot be resolved to a variable
]]>
            </message>
            <full-stacktrace>
              <![CDATA[java.lang.Error: Unresolved compilation problem: 
productName cannot be resolved to a variable

at SeleniumPractice.SeleniumFrameworkDesign.StandAloneTest2.OrderHistoryTest(StandAloneTest2.java:60)
at java.base/jdk.internal.reflect.NativeMethodAccessorImpl.invoke0(Native Method)
at java.base/jdk.internal.reflect.NativeMethodAccessorImpl.invoke(NativeMethodAccessorImpl.java:77)
at java.base/jdk.internal.reflect.DelegatingMethodAccessorImpl.invoke(DelegatingMethodAccessorImpl.java:43)
at java.base/java.lang.reflect.Method.invoke(Method.java:568)
at org.testng.internal.invokers.MethodInvocationHelper.invokeMethod(MethodInvocationHelper.java:139)
at org.testng.internal.invokers.TestInvoker.invokeMethod(TestInvoker.java:664)
at org.testng.internal.invokers.TestInvoker.invokeTestMethod(TestInvoker.java:227)
at org.testng.internal.invokers.MethodRunner.runInSequence(MethodRunner.java:50)
at org.testng.internal.invokers.TestInvoker$MethodInvocationAgent.invoke(TestInvoker.java:957)
at org.testng.internal.invokers.TestInvoker.invokeTestMethods(TestInvoker.java:200)
at org.testng.internal.invokers.TestMethodWorker.invokeTestMethods(TestMethodWorker.java:148)
at org.testng.internal.invokers.TestMethodWorker.run(TestMethodWorker.java:128)
at java.base/java.util.ArrayList.forEach(ArrayList.java:1511)
at org.testng.TestRunner.privateRun(TestRunner.java:848)
at org.testng.TestRunner.run(TestRunner.java:621)
at org.testng.SuiteRunner.runTest(SuiteRunner.java:443)
at org.testng.SuiteRunner$SuiteWorker.run(SuiteRunner.java:481)
at org.testng.internal.thread.ThreadUtil.lambda$execute$0(ThreadUtil.java:58)
at java.base/java.util.concurrent.FutureTask.run(FutureTask.java:264)
at java.base/java.util.concurrent.ThreadPoolExecutor.runWorker(ThreadPoolExecutor.java:1136)
at java.base/java.util.concurrent.ThreadPoolExecutor$Worker.run(ThreadPoolExecutor.java:635)
at java.base/java.lang.Thread.run(Thread.java:833)
]]>
            </full-stacktrace>
          </exception> <!-- java.lang.Error -->
          <reporter-output>
          </reporter-output>
        </test-method> <!-- OrderHistoryTest -->
        <test-method is-config="true" signature="tearDown()[pri:0, instance:SeleniumPractice.SeleniumFrameworkDesign.StandAloneTest2@1caa0244]" started-at="2024-01-10T09:01:23 IST" name="tearDown" finished-at="2024-01-10T09:01:23 IST" duration-ms="141" status="PASS">
          <reporter-output>
          </reporter-output>
        </test-method> <!-- tearDown -->
        <test-method is-config="true" signature="launchApplication()[pri:0, instance:SeleniumPractice.SeleniumFrameworkDesign.StandAloneTest2@1caa0244]" started-at="2024-01-10T09:01:23 IST" name="launchApplication" finished-at="2024-01-10T09:01:24 IST" duration-ms="1644" status="PASS">
          <reporter-output>
          </reporter-output>
        </test-method> <!-- launchApplication -->
        <test-method signature="OrderHistoryTest()[pri:0, instance:SeleniumPractice.SeleniumFrameworkDesign.StandAloneTest2@1caa0244]" started-at="2024-01-10T09:01:24 IST" name="OrderHistoryTest" finished-at="2024-01-10T09:01:24 IST" depends-on-methods="SeleniumPractice.SeleniumFrameworkDesign.StandAloneTest2.submitOrder" duration-ms="1" status="FAIL">
          <exception class="java.lang.Error">
            <message>
              <![CDATA[Unresolved compilation problem: 
productName cannot be resolved to a variable
]]>
            </message>
            <full-stacktrace>
              <![CDATA[java.lang.Error: Unresolved compilation problem: 
productName cannot be resolved to a variable

at SeleniumPractice.SeleniumFrameworkDesign.StandAloneTest2.OrderHistoryTest(StandAloneTest2.java:60)
at java.base/jdk.internal.reflect.NativeMethodAccessorImpl.invoke0(Native Method)
at java.base/jdk.internal.reflect.NativeMethodAccessorImpl.invoke(NativeMethodAccessorImpl.java:77)
at java.base/jdk.internal.reflect.DelegatingMethodAccessorImpl.invoke(DelegatingMethodAccessorImpl.java:43)
at java.base/java.lang.reflect.Method.invoke(Method.java:568)
at org.testng.internal.invokers.MethodInvocationHelper.invokeMethod(MethodInvocationHelper.java:139)
at org.testng.internal.invokers.TestInvoker.invokeMethod(TestInvoker.java:664)
at org.testng.internal.invokers.TestInvoker.retryFailed(TestInvoker.java:248)
at org.testng.internal.invokers.MethodRunner.runInSequence(MethodRunner.java:62)
at org.testng.internal.invokers.TestInvoker$MethodInvocationAgent.invoke(TestInvoker.java:957)
at org.testng.internal.invokers.TestInvoker.invokeTestMethods(TestInvoker.java:200)
at org.testng.internal.invokers.TestMethodWorker.invokeTestMethods(TestMethodWorker.java:148)
at org.testng.internal.invokers.TestMethodWorker.run(TestMethodWorker.java:128)
at java.base/java.util.ArrayList.forEach(ArrayList.java:1511)
at org.testng.TestRunner.privateRun(TestRunner.java:848)
at org.testng.TestRunner.run(TestRunner.java:621)
at org.testng.SuiteRunner.runTest(SuiteRunner.java:443)
at org.testng.SuiteRunner$SuiteWorker.run(SuiteRunner.java:481)
at org.testng.internal.thread.ThreadUtil.lambda$execute$0(ThreadUtil.java:58)
at java.base/java.util.concurrent.FutureTask.run(FutureTask.java:264)
at java.base/java.util.concurrent.ThreadPoolExecutor.runWorker(ThreadPoolExecutor.java:1136)
at java.base/java.util.concurrent.ThreadPoolExecutor$Worker.run(ThreadPoolExecutor.java:635)
at java.base/java.lang.Thread.run(Thread.java:833)
]]>
            </full-stacktrace>
          </exception> <!-- java.lang.Error -->
          <reporter-output>
          </reporter-output>
        </test-method> <!-- OrderHistoryTest -->
        <test-method is-config="true" signature="tearDown()[pri:0, instance:SeleniumPractice.SeleniumFrameworkDesign.StandAloneTest2@1caa0244]" started-at="2024-01-10T09:01:25 IST" name="tearDown" finished-at="2024-01-10T09:01:25 IST" duration-ms="275" status="PASS">
          <reporter-output>
          </reporter-output>
        </test-method> <!-- tearDown -->
      </class> <!-- SeleniumPractice.SeleniumFrameworkDesign.StandAloneTest2 -->
    </test> <!-- Submit Order Test -->
  </suite> <!-- Suite -->
</testng-results>
